<?xml version="1.0" encoding="UTF-8"?>
<testng-results ignored="0" total="4" passed="4" failed="0" skipped="0">
  <reporter-output>
  </reporter-output>
  <suite started-at="2025-07-10T07:16:54 AEST" name="CommBank Smart Health" finished-at="2025-07-10T07:20:03 AEST" duration-ms="189042">
    <groups>
    </groups>
    <test started-at="2025-07-10T07:16:54 AEST" name="CommBank Health Invoice Submit Process Test" finished-at="2025-07-10T07:20:03 AEST" duration-ms="189042">
      <class name="com.ei.pwwdseljava.onlineinvoice.tests.CommBankHealth_Test">
        <test-method is-config="true" signature="setUp(java.lang.String,java.lang.String)[pri:0, instance:com.ei.pwwdseljava.onlineinvoice.tests.CommBankHealth_Test@1033576a]" started-at="2025-07-10T07:16:54 AEST" name="setUp" finished-at="2025-07-10T07:16:55 AEST" duration-ms="1100" status="PASS">
          <params>
            <param index="0">
              <value>
                <![CDATA[chrome]]>
              </value>
            </param>
            <param index="1">
              <value>
                <![CDATA[selenium]]>
              </value>
            </param>
          </params>
          <reporter-output>
          </reporter-output>
        </test-method> <!-- setUp -->
        <test-method is-config="true" signature="setUp()[pri:0, instance:com.ei.pwwdseljava.onlineinvoice.tests.CommBankHealth_Test@1033576a]" started-at="2025-07-10T07:16:55 AEST" name="setUp" finished-at="2025-07-10T07:16:56 AEST" duration-ms="655" status="PASS">
          <reporter-output>
          </reporter-output>
        </test-method> <!-- setUp -->
        <test-method signature="loginTest(java.lang.String,java.lang.String,java.lang.String)[pri:0, instance:com.ei.pwwdseljava.onlineinvoice.tests.CommBankHealth_Test@1033576a]" started-at="2025-07-10T07:16:56 AEST" name="loginTest" data-provider="loginData" finished-at="2025-07-10T07:17:14 AEST" duration-ms="18290" status="PASS">
          <params>
            <param index="0">
              <value>
                <![CDATA[https://payments-qa.nonprodcde.wpp.whitecoat.com.au/login]]>
              </value>
            </param>
            <param index="1">
              <value>
                <![CDATA[Joseph_vandermeer@worksafe.vic.gov.au]]>
              </value>
            </param>
            <param index="2">
              <value>
                <![CDATA[WSVtest1!]]>
              </value>
            </param>
          </params>
          <reporter-output>
          </reporter-output>
        </test-method> <!-- loginTest -->
        <test-method signature="invoiceEntryTest(java.lang.String,java.lang.String,java.lang.String,java.lang.String)[pri:0, instance:com.ei.pwwdseljava.onlineinvoice.tests.CommBankHealth_Test@1033576a]" started-at="2025-07-10T07:17:14 AEST" name="invoiceEntryTest" data-provider="invoiceData" finished-at="2025-07-10T07:17:57 AEST" depends-on-methods="com.ei.pwwdseljava.onlineinvoice.tests.CommBankHealth_Test.loginTest" duration-ms="42894" status="PASS">
          <params>
            <param index="0">
              <value>
                <![CDATA[PURE SKIN CLINIC PTY LTD]]>
              </value>
            </param>
            <param index="1">
              <value>
                <![CDATA[Anthony Physio]]>
              </value>
            </param>
            <param index="2">
              <value>
                <![CDATA[Test]]>
              </value>
            </param>
            <param index="3">
              <value>
                <![CDATA[AP001]]>
              </value>
            </param>
          </params>
          <reporter-output>
          </reporter-output>
        </test-method> <!-- invoiceEntryTest -->
        <test-method signature="quoteInvoiceSubmitTest()[pri:0, instance:com.ei.pwwdseljava.onlineinvoice.tests.CommBankHealth_Test@1033576a]" started-at="2025-07-10T07:17:57 AEST" name="quoteInvoiceSubmitTest" finished-at="2025-07-10T07:18:20 AEST" depends-on-methods="com.ei.pwwdseljava.onlineinvoice.tests.CommBankHealth_Test.invoiceEntryTest" duration-ms="23090" status="PASS">
          <reporter-output>
          </reporter-output>
        </test-method> <!-- quoteInvoiceSubmitTest -->
        <test-method signature="testInvoiceData()[pri:0, instance:com.ei.pwwdseljava.onlineinvoice.tests.CommBankHealth_Test@1033576a]" started-at="2025-07-10T07:18:20 AEST" name="testInvoiceData" finished-at="2025-07-10T07:20:03 AEST" depends-on-methods="com.ei.pwwdseljava.onlineinvoice.tests.CommBankHealth_Test.quoteInvoiceSubmitTest" duration-ms="102765" status="PASS">
          <reporter-output>
          </reporter-output>
        </test-method> <!-- testInvoiceData -->
        <test-method is-config="true" signature="tearDown()[pri:0, instance:com.ei.pwwdseljava.onlineinvoice.tests.CommBankHealth_Test@1033576a]" started-at="2025-07-10T07:20:03 AEST" name="tearDown" finished-at="2025-07-10T07:20:03 AEST" duration-ms="197" status="PASS">
          <reporter-output>
          </reporter-output>
        </test-method> <!-- tearDown -->
      </class> <!-- com.ei.pwwdseljava.onlineinvoice.tests.CommBankHealth_Test -->
    </test> <!-- CommBank Health Invoice Submit Process Test -->
  </suite> <!-- CommBank Smart Health -->
</testng-results>
